<?xml version="1.0" encoding="UTF-8"?>
<!-- Generated by org.testng.reporters.JUnitReportReporter -->
<testsuite skipped="0" hostname="LAPTOP-TI0RNES2" name="practice.TeamsNameAndRatings" tests="1" failures="0" timestamp="2022-11-29T16:58:25 IST" time="11.494" errors="0">
  <testcase name="teamRanks" time="11.494" classname="practice.TeamsNameAndRatings"/>
  <system-out/>
</testsuite> <!-- practice.TeamsNameAndRatings -->
