<?xml version="1.0" encoding="UTF-8"?>
<!-- Generated by org.testng.reporters.JUnitReportReporter -->
<testsuite skipped="0" hostname="LAPTOP-TI0RNES2" name="selenium_grid_programs.SeleniumGridPractice4" tests="1" failures="0" timestamp="2023-01-09T18:00:30 IST" time="3485.076" errors="0">
  <testcase name="test" time="3485.076" classname="selenium_grid_programs.SeleniumGridPractice4"/>
  <system-out/>
</testsuite> <!-- selenium_grid_programs.SeleniumGridPractice4 -->
