<?xml version="1.0" encoding="UTF-8"?>
<!-- Generated by org.testng.reporters.JUnitReportReporter -->
<testsuite skipped="0" hostname="LAPTOP-TI0RNES2" name="practice.TeamsNameAndPoints" tests="1" failures="0" timestamp="2022-11-29T17:00:37 IST" time="9.290" errors="0">
  <testcase name="teamNamesAndPoints" time="9.290" classname="practice.TeamsNameAndPoints"/>
  <system-out/>
</testsuite> <!-- practice.TeamsNameAndPoints -->
