<?xml version="1.0" encoding="UTF-8"?>
<!-- Generated by org.testng.reporters.JUnitReportReporter -->
<testsuite skipped="0" hostname="LAPTOP-TI0RNES2" name="practice.TeamRankAndRatings" tests="1" failures="0" timestamp="2022-11-29T11:06:14 IST" time="11.048" errors="0">
  <testcase name="teamRanks" time="11.048" classname="practice.TeamRankAndRatings"/>
  <system-out/>
</testsuite> <!-- practice.TeamRankAndRatings -->
