<?xml version="1.0" encoding="UTF-8"?>
<!-- Generated by org.testng.reporters.JUnitReportReporter -->
<testsuite skipped="0" hostname="LAPTOP-TI0RNES2" name="practice.CalenderPopUp" tests="1" failures="0" timestamp="2022-11-29T18:07:10 IST" time="8.021" errors="0">
  <testcase name="calender" time="8.021" classname="practice.CalenderPopUp"/>
  <system-out/>
</testsuite> <!-- practice.CalenderPopUp -->
